\BOOKMARK [1][-]{section.1}{\376\377\137\025\212\000}{}% 1
\BOOKMARK [2][-]{subsection.1.1}{\376\377\170\024\172\166\200\314\146\157}{section.1}% 2
\BOOKMARK [2][-]{subsection.1.2}{\376\377\170\024\172\166\166\356\166\204}{section.1}% 3
\BOOKMARK [1][-]{section.2}{\376\377\127\372\121\306\145\271\154\325\123\237\164\006\122\006\147\220}{}% 4
\BOOKMARK [2][-]{subsection.2.1}{\376\377\000V\000N\000A\377\010\000V\000o\000r\000o\000n\000o\000i\220\273\134\105\136\163\127\107\377\011}{section.2}% 5
\BOOKMARK [2][-]{subsection.2.2}{\376\377\000e\000V\000N\000A\377\010\130\236\137\072\127\213\000V\000N\000A\377\014\116\130\154\325\120\117\135\356\150\041\153\143\377\011}{section.2}% 6
\BOOKMARK [2][-]{subsection.2.3}{\376\377\000a\000V\000N\000A\377\010\122\240\154\325\000V\000N\000A\377\014\122\240\154\325\120\117\135\356\150\041\153\143\377\011}{section.2}% 7
\BOOKMARK [2][-]{subsection.2.4}{\376\377\000D\000o\000w\000n\000s\000c\000a\000l\000e\000r\377\010\000M\000C\000M\000C\226\115\134\072\136\246\377\011}{section.2}% 8
\BOOKMARK [1][-]{section.3}{\376\377\000A\000d\000v\000a\000n\000c\000e\000d\000R\000K\145\271\154\325\123\237\164\006}{}% 9
\BOOKMARK [2][-]{subsection.3.1}{\376\377\145\271\154\325\150\106\147\266}{section.3}% 10
\BOOKMARK [2][-]{subsection.3.2}{\376\377\000S\000t\000e\000p\000\040\0001\377\032\131\032\230\171\137\017\215\213\122\277\150\041\153\143}{section.3}% 11
\BOOKMARK [2][-]{subsection.3.3}{\376\377\000S\000t\000e\000p\000\040\0002\377\032\000G\000P\000R\153\213\135\356\172\172\225\364\136\372\152\041}{section.3}% 12
\BOOKMARK [2][-]{subsection.3.4}{\376\377\000S\000t\000e\000p\000\040\0003\377\032\207\215\124\010\230\204\155\113}{section.3}% 13
\BOOKMARK [1][-]{section.4}{\376\377\145\271\154\325\122\033\145\260\140\047\122\006\147\220}{}% 14
\BOOKMARK [2][-]{subsection.4.1}{\376\377\116\016\127\372\121\306\145\271\154\325\166\204\147\054\215\050\123\072\122\053}{section.4}% 15
\BOOKMARK [2][-]{subsection.4.2}{\376\377\150\070\137\303\122\033\145\260\160\271}{section.4}% 16
\BOOKMARK [1][-]{section.5}{\376\377\133\236\232\214\232\214\213\301}{}% 17
\BOOKMARK [2][-]{subsection.5.1}{\376\377\131\032\226\066\153\265\232\214\213\301\213\276\177\156}{section.5}% 18
\BOOKMARK [2][-]{subsection.5.2}{\376\377\140\047\200\375\213\304\117\060\143\007\150\007}{section.5}% 19
\BOOKMARK [2][-]{subsection.5.3}{\376\377\127\372\121\306\145\271\154\325\140\047\200\375\133\371\153\324}{section.5}% 20
\BOOKMARK [2][-]{subsection.5.4}{\376\377\000A\000d\000v\000a\000n\000c\000e\000d\000R\000K\232\214\213\301\176\323\147\234}{section.5}% 21
\BOOKMARK [2][-]{subsection.5.5}{\376\377\122\033\145\260\122\044\133\232\150\007\121\306}{section.5}% 22
\BOOKMARK [1][-]{section.6}{\376\377\176\323\213\272}{}% 23
\BOOKMARK [2][-]{subsection.6.1}{\376\377\145\271\154\325\122\033\145\260\140\073\176\323}{section.6}% 24
\BOOKMARK [2][-]{subsection.6.2}{\376\377\133\236\232\214\232\214\213\301\140\073\176\323}{section.6}% 25
