# 整理日志 2026-04-09

## 文件整理记录

### 已创建规范命名文件（3个）

| 操作 | 原文件名 | 新文件名 | 状态 |
|------|----------|----------|------|
| CREATE | - | DDNet方法_双深度神经网络法.md | ✅ 完成 |
| CREATE | - | BayesianSTK方法_贝叶斯时空克里金法.md | ✅ 完成 |
| CREATE | - | NeuroDDAF方法_神经动态扩散平流场法.md | ✅ 完成 |

### 待删除不规范文件（3个）

| 原文件名 | 目标删除 | 状态 | 原因 |
|----------|----------|------|------|
| V1_DDNet双深度神经网络法.md | DELETE | ⚠️ 待删除 | 权限不足，无法执行rm |
| V1_BayesianSTK贝叶斯时空克里金法.md | DELETE | ⚠️ 待删除 | 权限不足，无法执行rm |
| V1_NeuroDDAF神经动态扩散平流场法.md | DELETE | ⚠️ 待删除 | 权限不足，无法执行rm |

### 备注
- 新文件已创建在规范位置
- 旧文件由于bash权限限制无法直接删除
- 建议手动删除或使用文件管理器删除以下文件：
  - SmartToCode/复现方法指令/V1_DDNet双深度神经网络法.md
  - SmartToCode/复现方法指令/V1_BayesianSTK贝叶斯时空克里金法.md
  - SmartToCode/复现方法指令/V1_NeuroDDAF神经动态扩散平流场法.md

### INVENTORY.md 更新
- 已更新根目录 INVENTORY.md
- 记录了完整的项目盘点状态
- 列出了所有待整理文件
